<!DOCTYPE html PUBLIC "-//W3C//DTD XHTML 1.1//EN" "http://www.w3.org/TR/xhtml11/DTD/xhtml11.dtd">
<html xmlns="http://www.w3.org/1999/xhtml">
<head>
<meta http-equiv="content-type" content="text/html; charset=UTF-8"/>
<title>TestNG Report</title>
<style type="text/css">table {margin-bottom:10px;border-collapse:collapse;empty-cells:show}th,td {border:1px solid #009;padding:.25em .5em}th {vertical-align:bottom}td {vertical-align:top}table a {font-weight:bold}.stripe td {background-color: #E6EBF9}.num {text-align:right}.passedodd td {background-color: #3F3}.passedeven td {background-color: #0A0}.skippedodd td {background-color: #DDD}.skippedeven td {background-color: #CCC}.failedodd td,.attn {background-color: #F33}.failedeven td,.stripe .attn {background-color: #D00}.stacktrace {white-space:pre;font-family:monospace}.totop {font-size:85%;text-align:center;border-bottom:2px solid #000}.invisible {display:none}</style>
</head>
<body>
<table>
<tr><th>Test</th><th># Passed</th><th># Skipped</th><th># Failed</th><th>Time (ms)</th><th>Included Groups</th><th>Excluded Groups</th></tr>
<tr><th colspan="7">FundooNoteTesting</th></tr>
<tr><td><a href="#t0">Test</a></td><td class="num">3</td><td class="num">0</td><td class="num attn">11</td><td class="num">138,175</td><td></td><td></td></tr>
</table>
<table id='summary'><thead><tr><th>Class</th><th>Method</th><th>Start</th><th>Time (ms)</th></tr></thead><tbody><tr><th colspan="4">FundooNoteTesting</th></tr></tbody><tbody id="t0"><tr><th colspan="4">Test &#8212; failed</th></tr><tr class="failedeven"><td rowspan="7">com.bridgelabz.usertest.TC_LoginDDT_02</td><td><a href="#m0">loginTest</a></td><td rowspan="7">1588799851627</td><td rowspan="7">8759</td></tr><tr class="failedeven"><td><a href="#m1">loginTest</a></td></tr><tr class="failedeven"><td><a href="#m2">loginTest</a></td></tr><tr class="failedeven"><td><a href="#m3">loginTest</a></td></tr><tr class="failedeven"><td><a href="#m4">loginTest</a></td></tr><tr class="failedeven"><td><a href="#m5">loginTest</a></td></tr><tr class="failedeven"><td><a href="#m6">loginTest</a></td></tr><tr class="failedodd"><td rowspan="4">com.bridgelabz.usertest.TC_Registration_01</td><td><a href="#m7">testWithAllInValidInput</a></td><td rowspan="1">1588799931638</td><td rowspan="1">6310</td></tr><tr class="failedodd"><td><a href="#m8">testWithAllInValidPassWord</a></td><td rowspan="1">1588799937950</td><td rowspan="1">6981</td></tr><tr class="failedodd"><td><a href="#m9">testWithAlreadyPresentUser</a></td><td rowspan="1">1588799956460</td><td rowspan="1">9229</td></tr><tr class="failedodd"><td><a href="#m10">testWithInvalidfnameLname</a></td><td rowspan="1">1588799965694</td><td rowspan="1">6263</td></tr><tr><th colspan="4">Test &#8212; passed</th></tr><tr class="passedeven"><td rowspan="2">com.bridgelabz.usertest.TC_LoginDDT_02</td><td><a href="#m11">loginTest</a></td><td rowspan="2">1588799914694</td><td rowspan="2">7193</td></tr><tr class="passedeven"><td><a href="#m12">loginTest</a></td></tr><tr class="passedodd"><td rowspan="1">com.bridgelabz.usertest.TC_Registration_01</td><td><a href="#m13">testWithAllValidInput</a></td><td rowspan="1">1588799944934</td><td rowspan="1">11523</td></tr></tbody>
</table>
<h2>Test</h2><h3 id="m0">com.bridgelabz.usertest.TC_LoginDDT_02#loginTest</h3><table class="result"><tr class="param"><th>Parameter #1</th><th>Parameter #2</th></tr><tr class="param stripe"><td>vikashkumar@gmail</td><td>avikashdmin</td></tr><tr><th colspan="2">Exception</th></tr><tr><td colspan="2"><div class="stacktrace">java.lang.AssertionError: expected [true] but found [false]
	at com.bridgelabz.usertest.TC_LoginDDT_02.loginTest(TC_LoginDDT_02.java:42)
... Removed 29 stack frames</div></td></tr></table><p class="totop"><a href="#summary">back to summary</a></p>
<h3 id="m1">com.bridgelabz.usertest.TC_LoginDDT_02#loginTest</h3><table class="result"><tr class="param"><th>Parameter #1</th><th>Parameter #2</th></tr><tr class="param stripe"><td>adm@yourstore.com</td><td>adm</td></tr><tr><th colspan="2">Exception</th></tr><tr><td colspan="2"><div class="stacktrace">java.lang.AssertionError: expected [true] but found [false]
	at com.bridgelabz.usertest.TC_LoginDDT_02.loginTest(TC_LoginDDT_02.java:42)
... Removed 29 stack frames</div></td></tr></table><p class="totop"><a href="#summary">back to summary</a></p>
<h3 id="m2">com.bridgelabz.usertest.TC_LoginDDT_02#loginTest</h3><table class="result"><tr class="param"><th>Parameter #1</th><th>Parameter #2</th></tr><tr class="param stripe"><td>vik@gmail.com</td><td>raju</td></tr><tr><th colspan="2">Exception</th></tr><tr><td colspan="2"><div class="stacktrace">java.lang.AssertionError: expected [true] but found [false]
	at com.bridgelabz.usertest.TC_LoginDDT_02.loginTest(TC_LoginDDT_02.java:42)
... Removed 29 stack frames</div></td></tr></table><p class="totop"><a href="#summary">back to summary</a></p>
<h3 id="m3">com.bridgelabz.usertest.TC_LoginDDT_02#loginTest</h3><table class="result"><tr class="param"><th>Parameter #1</th><th>Parameter #2</th></tr><tr class="param stripe"><td></td><td>adm</td></tr><tr><th colspan="2">Exception</th></tr><tr><td colspan="2"><div class="stacktrace">java.lang.AssertionError: expected [true] but found [false]
	at com.bridgelabz.usertest.TC_LoginDDT_02.loginTest(TC_LoginDDT_02.java:42)
... Removed 29 stack frames</div></td></tr></table><p class="totop"><a href="#summary">back to summary</a></p>
<h3 id="m4">com.bridgelabz.usertest.TC_LoginDDT_02#loginTest</h3><table class="result"><tr class="param"><th>Parameter #1</th><th>Parameter #2</th></tr><tr class="param stripe"><td>vikash@gmail.com</td><td>vikash</td></tr><tr><th colspan="2">Exception</th></tr><tr><td colspan="2"><div class="stacktrace">java.lang.AssertionError: expected [true] but found [false]
	at com.bridgelabz.usertest.TC_LoginDDT_02.loginTest(TC_LoginDDT_02.java:42)
... Removed 29 stack frames</div></td></tr></table><p class="totop"><a href="#summary">back to summary</a></p>
<h3 id="m5">com.bridgelabz.usertest.TC_LoginDDT_02#loginTest</h3><table class="result"><tr class="param"><th>Parameter #1</th><th>Parameter #2</th></tr><tr class="param stripe"><td>vikashkumar</td><td>vikash1</td></tr><tr><th colspan="2">Exception</th></tr><tr><td colspan="2"><div class="stacktrace">java.lang.AssertionError: expected [true] but found [false]
	at com.bridgelabz.usertest.TC_LoginDDT_02.loginTest(TC_LoginDDT_02.java:42)
... Removed 29 stack frames</div></td></tr></table><p class="totop"><a href="#summary">back to summary</a></p>
<h3 id="m6">com.bridgelabz.usertest.TC_LoginDDT_02#loginTest</h3><table class="result"><tr class="param"><th>Parameter #1</th><th>Parameter #2</th></tr><tr class="param stripe"><td>vikashkumar@gmail.com</td><td>vikash1</td></tr><tr><th colspan="2">Exception</th></tr><tr><td colspan="2"><div class="stacktrace">java.lang.AssertionError: expected [true] but found [false]
	at com.bridgelabz.usertest.TC_LoginDDT_02.loginTest(TC_LoginDDT_02.java:42)
... Removed 29 stack frames</div></td></tr></table><p class="totop"><a href="#summary">back to summary</a></p>
<h3 id="m7">com.bridgelabz.usertest.TC_Registration_01#testWithAllInValidInput</h3><table class="result"><tr><th>Exception</th></tr><tr><td><div class="stacktrace">java.lang.AssertionError: expected [true] but found [false]
	at com.bridgelabz.usertest.TC_Registration_01.registration(TC_Registration_01.java:140)
	at com.bridgelabz.usertest.TC_Registration_01.testWithAllInValidInput(TC_Registration_01.java:45)
... Removed 29 stack frames</div></td></tr></table><p class="totop"><a href="#summary">back to summary</a></p>
<h3 id="m8">com.bridgelabz.usertest.TC_Registration_01#testWithAllInValidPassWord</h3><table class="result"><tr><th>Exception</th></tr><tr><td><div class="stacktrace">java.lang.AssertionError: expected [true] but found [false]
	at com.bridgelabz.usertest.TC_Registration_01.registration(TC_Registration_01.java:140)
	at com.bridgelabz.usertest.TC_Registration_01.testWithAllInValidPassWord(TC_Registration_01.java:74)
... Removed 29 stack frames</div></td></tr></table><p class="totop"><a href="#summary">back to summary</a></p>
<h3 id="m9">com.bridgelabz.usertest.TC_Registration_01#testWithAlreadyPresentUser</h3><table class="result"><tr><th>Exception</th></tr><tr><td><div class="stacktrace">java.lang.AssertionError: expected [true] but found [false]
	at com.bridgelabz.usertest.TC_Registration_01.registration(TC_Registration_01.java:134)
	at com.bridgelabz.usertest.TC_Registration_01.testWithAlreadyPresentUser(TC_Registration_01.java:87)
... Removed 29 stack frames</div></td></tr></table><p class="totop"><a href="#summary">back to summary</a></p>
<h3 id="m10">com.bridgelabz.usertest.TC_Registration_01#testWithInvalidfnameLname</h3><table class="result"><tr><th>Exception</th></tr><tr><td><div class="stacktrace">java.lang.AssertionError: expected [true] but found [false]
	at com.bridgelabz.usertest.TC_Registration_01.registration(TC_Registration_01.java:140)
	at com.bridgelabz.usertest.TC_Registration_01.testWithInvalidfnameLname(TC_Registration_01.java:60)
... Removed 29 stack frames</div></td></tr></table><p class="totop"><a href="#summary">back to summary</a></p>
<h3 id="m11">com.bridgelabz.usertest.TC_LoginDDT_02#loginTest</h3><table class="result"><tr class="param"><th>Parameter #1</th><th>Parameter #2</th></tr><tr class="param stripe"><td>vikashkumargupta5a7@gmail.com</td><td>vikash1</td></tr></table><p class="totop"><a href="#summary">back to summary</a></p>
<h3 id="m12">com.bridgelabz.usertest.TC_LoginDDT_02#loginTest</h3><table class="result"><tr class="param"><th>Parameter #1</th><th>Parameter #2</th></tr><tr class="param stripe"><td>vikashkumargupta5a7@gmail.com</td><td>vikash1</td></tr></table><p class="totop"><a href="#summary">back to summary</a></p>
<h3 id="m13">com.bridgelabz.usertest.TC_Registration_01#testWithAllValidInput</h3><table class="result"><tr><th class="invisible"/></tr></table><p class="totop"><a href="#summary">back to summary</a></p>
</body>
</html>
